Arguments: 
  /usr/local/Cellar/node/8.9.1/bin/node /usr/local/Cellar/yarn/1.3.2/libexec/bin/yarn.js

PATH: 
  /Users/chan/.rbenv/shims:/Users/chan/pco-box/bin:/usr/local/bin:/Users/chan/.rbenv/shims:/Users/chan/pco-box/bin:/usr/local/bin:/Users/chan/.rbenv/shims:/Users/chan/pco-box/bin:/usr/local/bin:/Users/chan/.rbenv/shims:/Users/chan/pco-box/bin:/usr/local/bin:/Users/chan/.rbenv/shims:/Users/chan/pco-box/bin:/usr/local/bin:/usr/local/sbin:/usr/bin:/bin:/usr/sbin:/sbin:/Users/chan/code/pco/bin

Yarn version: 
  1.3.2

Node version: 
  8.9.1

Platform: 
  darwin x64

npm manifest: 
  {
    "name": "react-storehouse",
    "version": "1.0.0",
    "description": "A component for use with localStorage and sessionStorage",
    "source": "index.js",
    "main": "dist/react-storehouse.js",
    "module": "dist/react-storehouse.esm.js",
    "browser": "dist/react-storehouse.umd.js",
    "scripts": {
      "build": "rollup -c",
      "dev": "rollup -c -w",
      "test": "echo \"Error: no test specified\" && exit 1",
      "pretest": "npm run build",
      "build": "microbundle",
      "dev": "microbundle watch"
    },
    "author": "Michael Chan (@chantastic)",
    "license": "MIT",
    "homepage": "https://github.com/learnreact/react-storehouse",
    "repository": {
      "type": "git",
      "url": "https://github.com/learnreact/react-storehouse.git"
    },
    "bugs": {
      "url": "https://github.com/learnreact/react-storehouse/issues"
    },
    "files": [
      "dist",
      "index.js"
    ],
    "dependencies": {
      "react": "^15.6.1"
    },
    "devDependencies": {
      "microbundle": "^0.2.4",
    }
  }

yarn manifest: 
  No manifest

Lockfile: 
  No lockfile

Trace: 
  SyntaxError: /Users/chan/learnreact/react-storehouse/package.json: Unexpected token } in JSON at position 968
      at JSON.parse (<anonymous>)
      at /usr/local/Cellar/yarn/1.3.2/libexec/lib/cli.js:770:59
      at Generator.next (<anonymous>)
      at step (/usr/local/Cellar/yarn/1.3.2/libexec/lib/cli.js:92:30)
      at /usr/local/Cellar/yarn/1.3.2/libexec/lib/cli.js:103:13
      at <anonymous>
